RUN	SapccIHM.MDC_APISeq	mdc-apiseq	1678095612355	1	3.6.1
USER	ProductIds	START	1678095612905
USER	API_PAGES	START	1678095612905
USER	Components	START	1678095612905
REQUEST	HomePage	Components	1678095612933	1678095613128	OK	 
GROUP	HomePage	1678095612916	1678095613144	195	OK
REQUEST	HomePage	Pages	1678095612933	1678095613176	OK	 
GROUP	HomePage	1678095612916	1678095613177	243	OK
REQUEST	HomePage	ProductId	1678095612933	1678095613400	OK	 
GROUP	HomePage	1678095612918	1678095613412	467	OK
REQUEST	HomePage	Components	1678095613927	1678095614094	OK	 
GROUP	HomePage	1678095613927	1678095614095	167	OK
REQUEST	HomePage	Pages	1678095613927	1678095614154	OK	 
GROUP	HomePage	1678095613927	1678095614155	227	OK
REQUEST	HomePage	ProductId	1678095613929	1678095614642	OK	 
GROUP	HomePage	1678095613928	1678095614645	713	OK
REQUEST	HomePage	ProductId	1678095614937	1678095614971	OK	 
GROUP	HomePage	1678095614937	1678095614972	34	OK
REQUEST	HomePage	Components	1678095614937	1678095615081	OK	 
GROUP	HomePage	1678095614936	1678095615082	144	OK
REQUEST	HomePage	Pages	1678095614937	1678095615150	OK	 
GROUP	HomePage	1678095614936	1678095615151	213	OK
REQUEST	HomePage	ProductId	1678095615945	1678095615982	OK	 
GROUP	HomePage	1678095615944	1678095615984	37	OK
REQUEST	HomePage	Components	1678095615945	1678095616087	OK	 
GROUP	HomePage	1678095615944	1678095616088	142	OK
REQUEST	HomePage	Pages	1678095615945	1678095616163	OK	 
GROUP	HomePage	1678095615944	1678095616163	218	OK
REQUEST	HomePage	ProductId	1678095616954	1678095616991	OK	 
GROUP	HomePage	1678095616953	1678095616993	37	OK
REQUEST	HomePage	Components	1678095616953	1678095617087	OK	 
GROUP	HomePage	1678095616953	1678095617088	134	OK
REQUEST	HomePage	Pages	1678095616953	1678095617159	OK	 
GROUP	HomePage	1678095616953	1678095617160	206	OK
REQUEST	HomePage	ProductId	1678095617959	1678095618000	OK	 
GROUP	HomePage	1678095617959	1678095618001	41	OK
REQUEST	HomePage	Components	1678095617959	1678095618112	OK	 
GROUP	HomePage	1678095617959	1678095618112	153	OK
REQUEST	HomePage	Pages	1678095617959	1678095618149	OK	 
GROUP	HomePage	1678095617959	1678095618150	190	OK
REQUEST	HomePage	ProductId	1678095618969	1678095619073	OK	 
GROUP	HomePage	1678095618968	1678095619076	104	OK
REQUEST	HomePage	Components	1678095618968	1678095619127	OK	 
GROUP	HomePage	1678095618968	1678095619128	159	OK
REQUEST	HomePage	Pages	1678095618968	1678095619151	OK	 
GROUP	HomePage	1678095618968	1678095619152	183	OK
REQUEST	HomePage	ProductId	1678095619977	1678095620015	OK	 
GROUP	HomePage	1678095619977	1678095620016	38	OK
REQUEST	HomePage	Components	1678095619977	1678095620116	OK	 
GROUP	HomePage	1678095619977	1678095620117	139	OK
REQUEST	HomePage	Pages	1678095619977	1678095620179	OK	 
GROUP	HomePage	1678095619977	1678095620181	202	OK
REQUEST	HomePage	ProductId	1678095620983	1678095621028	OK	 
GROUP	HomePage	1678095620983	1678095621029	45	OK
REQUEST	HomePage	Components	1678095620983	1678095621221	OK	 
GROUP	HomePage	1678095620982	1678095621222	238	OK
REQUEST	HomePage	Pages	1678095620983	1678095621225	OK	 
GROUP	HomePage	1678095620982	1678095621226	242	OK
REQUEST	HomePage	ProductId	1678095621984	1678095622018	OK	 
GROUP	HomePage	1678095621983	1678095622020	34	OK
USER	ProductIds	END	1678095622023
REQUEST	HomePage	Components	1678095621983	1678095622113	OK	 
GROUP	HomePage	1678095621983	1678095622114	130	OK
USER	Components	END	1678095622114
REQUEST	HomePage	Pages	1678095621983	1678095622164	OK	 
GROUP	HomePage	1678095621983	1678095622165	181	OK
USER	API_PAGES	END	1678095622165
USER	ProductIds	START	1678095672904
USER	API_PAGES	START	1678095672905
USER	Components	START	1678095672905
REQUEST	HomePage	ProductId	1678095672906	1678095672991	OK	 
GROUP	HomePage	1678095672905	1678095672993	85	OK
REQUEST	HomePage	Components	1678095672906	1678095673099	OK	 
GROUP	HomePage	1678095672905	1678095673100	193	OK
REQUEST	HomePage	Pages	1678095672906	1678095673152	OK	 
GROUP	HomePage	1678095672905	1678095673153	246	OK
REQUEST	HomePage	Components	1678095673910	1678095674037	OK	 
GROUP	HomePage	1678095673909	1678095674039	127	OK
REQUEST	HomePage	Pages	1678095673910	1678095674091	OK	 
GROUP	HomePage	1678095673909	1678095674093	181	OK
REQUEST	HomePage	ProductId	1678095673910	1678095674577	OK	 
GROUP	HomePage	1678095673910	1678095674580	667	OK
REQUEST	HomePage	Components	1678095674920	1678095675059	OK	 
GROUP	HomePage	1678095674919	1678095675060	139	OK
REQUEST	HomePage	Pages	1678095674920	1678095675110	OK	 
GROUP	HomePage	1678095674919	1678095675111	190	OK
REQUEST	HomePage	ProductId	1678095674920	1678095675218	OK	 
GROUP	HomePage	1678095674920	1678095675220	298	OK
REQUEST	HomePage	ProductId	1678095675928	1678095675977	OK	 
GROUP	HomePage	1678095675928	1678095675979	49	OK
REQUEST	HomePage	Components	1678095675928	1678095676071	OK	 
GROUP	HomePage	1678095675928	1678095676073	143	OK
REQUEST	HomePage	Pages	1678095675928	1678095676125	OK	 
GROUP	HomePage	1678095675928	1678095676127	197	OK
REQUEST	HomePage	ProductId	1678095676943	1678095676976	OK	 
GROUP	HomePage	1678095676942	1678095676980	33	OK
REQUEST	HomePage	Components	1678095676942	1678095677080	OK	 
GROUP	HomePage	1678095676941	1678095677081	138	OK
REQUEST	HomePage	Pages	1678095676942	1678095677124	OK	 
GROUP	HomePage	1678095676941	1678095677125	182	OK
REQUEST	HomePage	ProductId	1678095677951	1678095677986	OK	 
GROUP	HomePage	1678095677950	1678095677988	35	OK
REQUEST	HomePage	Components	1678095677950	1678095678085	OK	 
GROUP	HomePage	1678095677950	1678095678086	135	OK
REQUEST	HomePage	Pages	1678095677950	1678095678142	OK	 
GROUP	HomePage	1678095677950	1678095678143	192	OK
REQUEST	HomePage	Components	1678095678962	1678095679102	OK	 
GROUP	HomePage	1678095678961	1678095679103	140	OK
REQUEST	HomePage	Pages	1678095678962	1678095679159	OK	 
GROUP	HomePage	1678095678961	1678095679160	197	OK
REQUEST	HomePage	ProductId	1678095678962	1678095679259	OK	 
GROUP	HomePage	1678095678962	1678095679262	297	OK
REQUEST	HomePage	ProductId	1678095679975	1678095680018	OK	 
GROUP	HomePage	1678095679974	1678095680020	43	OK
REQUEST	HomePage	Components	1678095679974	1678095680111	OK	 
GROUP	HomePage	1678095679973	1678095680112	137	OK
REQUEST	HomePage	Pages	1678095679974	1678095680163	OK	 
GROUP	HomePage	1678095679973	1678095680164	189	OK
REQUEST	HomePage	ProductId	1678095680984	1678095681023	OK	 
GROUP	HomePage	1678095680984	1678095681025	39	OK
REQUEST	HomePage	Components	1678095680984	1678095681115	OK	 
GROUP	HomePage	1678095680983	1678095681116	131	OK
REQUEST	HomePage	Pages	1678095680984	1678095681173	OK	 
GROUP	HomePage	1678095680983	1678095681174	189	OK
REQUEST	HomePage	Components	1678095681998	1678095682161	OK	 
GROUP	HomePage	1678095681998	1678095682163	163	OK
USER	Components	END	1678095682164
REQUEST	HomePage	Pages	1678095681998	1678095682214	OK	 
GROUP	HomePage	1678095681998	1678095682215	216	OK
USER	API_PAGES	END	1678095682216
REQUEST	HomePage	ProductId	1678095681999	1678095682666	OK	 
GROUP	HomePage	1678095681998	1678095682668	667	OK
USER	ProductIds	END	1678095682669
USER	ProductIds	START	1678095732893
USER	API_PAGES	START	1678095732893
USER	Components	START	1678095732907
REQUEST	HomePage	ProductId	1678095732895	1678095732980	OK	 
GROUP	HomePage	1678095732894	1678095732982	85	OK
REQUEST	HomePage	Components	1678095732908	1678095733111	OK	 
GROUP	HomePage	1678095732908	1678095733113	203	OK
REQUEST	HomePage	Pages	1678095732894	1678095733157	OK	 
GROUP	HomePage	1678095732894	1678095733158	263	OK
REQUEST	HomePage	ProductId	1678095733902	1678095733941	OK	 
GROUP	HomePage	1678095733902	1678095733943	39	OK
REQUEST	HomePage	Components	1678095733917	1678095734063	OK	 
GROUP	HomePage	1678095733917	1678095734064	146	OK
REQUEST	HomePage	Pages	1678095733902	1678095734088	OK	 
GROUP	HomePage	1678095733901	1678095734090	186	OK
REQUEST	HomePage	ProductId	1678095734913	1678095734956	OK	 
GROUP	HomePage	1678095734913	1678095734959	43	OK
REQUEST	HomePage	Components	1678095734928	1678095735075	OK	 
GROUP	HomePage	1678095734928	1678095735077	147	OK
REQUEST	HomePage	Pages	1678095734913	1678095735110	OK	 
GROUP	HomePage	1678095734912	1678095735111	197	OK
REQUEST	HomePage	ProductId	1678095735922	1678095735962	OK	 
GROUP	HomePage	1678095735922	1678095735965	40	OK
REQUEST	HomePage	Components	1678095735938	1678095736071	OK	 
GROUP	HomePage	1678095735937	1678095736073	133	OK
REQUEST	HomePage	Pages	1678095735922	1678095736129	OK	 
GROUP	HomePage	1678095735921	1678095736130	207	OK
REQUEST	HomePage	Components	1678095736944	1678095737103	OK	 
GROUP	HomePage	1678095736943	1678095737104	159	OK
REQUEST	HomePage	Pages	1678095736928	1678095737147	OK	 
GROUP	HomePage	1678095736927	1678095737148	219	OK
REQUEST	HomePage	ProductId	1678095736928	1678095737251	OK	 
GROUP	HomePage	1678095736927	1678095737253	323	OK
REQUEST	HomePage	ProductId	1678095737938	1678095737972	OK	 
GROUP	HomePage	1678095737938	1678095737973	34	OK
REQUEST	HomePage	Components	1678095737953	1678095738101	OK	 
GROUP	HomePage	1678095737953	1678095738103	148	OK
REQUEST	HomePage	Pages	1678095737938	1678095738137	OK	 
GROUP	HomePage	1678095737937	1678095738138	199	OK
REQUEST	HomePage	ProductId	1678095738949	1678095738996	OK	 
GROUP	HomePage	1678095738949	1678095738998	47	OK
REQUEST	HomePage	Components	1678095738965	1678095739103	OK	 
GROUP	HomePage	1678095738964	1678095739104	138	OK
REQUEST	HomePage	Pages	1678095738949	1678095739160	OK	 
GROUP	HomePage	1678095738949	1678095739161	211	OK
REQUEST	HomePage	ProductId	1678095739958	1678095740003	OK	 
GROUP	HomePage	1678095739958	1678095740005	45	OK
REQUEST	HomePage	Components	1678095739973	1678095740114	OK	 
GROUP	HomePage	1678095739973	1678095740115	141	OK
REQUEST	HomePage	Pages	1678095739958	1678095740169	OK	 
GROUP	HomePage	1678095739957	1678095740170	211	OK
REQUEST	HomePage	ProductId	1678095740971	1678095741024	OK	 
GROUP	HomePage	1678095740971	1678095741026	53	OK
REQUEST	HomePage	Components	1678095740986	1678095741149	OK	 
GROUP	HomePage	1678095740986	1678095741150	163	OK
REQUEST	HomePage	Pages	1678095740971	1678095741193	OK	 
GROUP	HomePage	1678095740970	1678095741195	222	OK
REQUEST	HomePage	ProductId	1678095741985	1678095742038	OK	 
GROUP	HomePage	1678095741984	1678095742039	53	OK
USER	ProductIds	END	1678095742040
REQUEST	HomePage	Components	1678095742000	1678095742146	OK	 
GROUP	HomePage	1678095741999	1678095742147	146	OK
USER	Components	END	1678095742148
REQUEST	HomePage	Pages	1678095741985	1678095742167	OK	 
GROUP	HomePage	1678095741984	1678095742168	182	OK
USER	API_PAGES	END	1678095742169
USER	ProductIds	START	1678095792898
USER	API_PAGES	START	1678095792898
USER	Components	START	1678095792898
REQUEST	HomePage	ProductId	1678095792899	1678095792994	OK	 
GROUP	HomePage	1678095792899	1678095792995	95	OK
REQUEST	HomePage	Components	1678095792899	1678095793084	OK	 
GROUP	HomePage	1678095792899	1678095793085	185	OK
REQUEST	HomePage	Pages	1678095792899	1678095793145	OK	 
GROUP	HomePage	1678095792899	1678095793146	246	OK
REQUEST	HomePage	Components	1678095793904	1678095794031	OK	 
GROUP	HomePage	1678095793904	1678095794032	127	OK
REQUEST	HomePage	Pages	1678095793904	1678095794071	OK	 
GROUP	HomePage	1678095793904	1678095794072	167	OK
REQUEST	HomePage	ProductId	1678095793904	1678095794587	OK	 
GROUP	HomePage	1678095793904	1678095794589	683	OK
REQUEST	HomePage	ProductId	1678095794916	1678095794950	OK	 
GROUP	HomePage	1678095794916	1678095794952	34	OK
REQUEST	HomePage	Components	1678095794916	1678095795045	OK	 
GROUP	HomePage	1678095794916	1678095795046	129	OK
REQUEST	HomePage	Pages	1678095794916	1678095795112	OK	 
GROUP	HomePage	1678095794916	1678095795113	196	OK
REQUEST	HomePage	ProductId	1678095795929	1678095795962	OK	 
GROUP	HomePage	1678095795928	1678095795963	33	OK
REQUEST	HomePage	Components	1678095795928	1678095796058	OK	 
GROUP	HomePage	1678095795928	1678095796058	130	OK
REQUEST	HomePage	Pages	1678095795928	1678095796114	OK	 
GROUP	HomePage	1678095795928	1678095796115	186	OK
REQUEST	HomePage	ProductId	1678095796941	1678095796984	OK	 
GROUP	HomePage	1678095796940	1678095796986	43	OK
REQUEST	HomePage	Components	1678095796940	1678095797068	OK	 
GROUP	HomePage	1678095796940	1678095797069	128	OK
REQUEST	HomePage	Pages	1678095796940	1678095797122	OK	 
GROUP	HomePage	1678095796940	1678095797123	182	OK
REQUEST	HomePage	ProductId	1678095797949	1678095797985	OK	 
GROUP	HomePage	1678095797948	1678095797986	36	OK
REQUEST	HomePage	Components	1678095797949	1678095798081	OK	 
GROUP	HomePage	1678095797948	1678095798082	132	OK
REQUEST	HomePage	Pages	1678095797949	1678095798153	OK	 
GROUP	HomePage	1678095797948	1678095798154	204	OK
REQUEST	HomePage	Components	1678095798957	1678095799084	OK	 
GROUP	HomePage	1678095798957	1678095799085	127	OK
REQUEST	HomePage	Pages	1678095798957	1678095799140	OK	 
GROUP	HomePage	1678095798957	1678095799141	183	OK
REQUEST	HomePage	ProductId	1678095798958	1678095799265	OK	 
GROUP	HomePage	1678095798957	1678095799268	307	OK
REQUEST	HomePage	ProductId	1678095799969	1678095800006	OK	 
GROUP	HomePage	1678095799969	1678095800008	37	OK
REQUEST	HomePage	Components	1678095799969	1678095800108	OK	 
GROUP	HomePage	1678095799969	1678095800109	139	OK
REQUEST	HomePage	Pages	1678095799969	1678095800143	OK	 
GROUP	HomePage	1678095799969	1678095800144	174	OK
REQUEST	HomePage	ProductId	1678095800981	1678095801013	OK	 
GROUP	HomePage	1678095800980	1678095801014	32	OK
REQUEST	HomePage	Components	1678095800980	1678095801162	OK	 
GROUP	HomePage	1678095800980	1678095801163	182	OK
REQUEST	HomePage	Pages	1678095800980	1678095801193	OK	 
GROUP	HomePage	1678095800980	1678095801194	213	OK
REQUEST	HomePage	ProductId	1678095801992	1678095802260	OK	 
GROUP	HomePage	1678095801992	1678095802261	268	OK
USER	ProductIds	END	1678095802263
REQUEST	HomePage	Components	1678095801992	1678095802340	OK	 
GROUP	HomePage	1678095801992	1678095802341	348	OK
USER	Components	END	1678095802342
REQUEST	HomePage	Pages	1678095801992	1678095802342	OK	 
GROUP	HomePage	1678095801992	1678095802343	350	OK
USER	API_PAGES	END	1678095802343
